<?xml version="1.0" encoding="UTF-8"?>
<testng-results ignored="0" total="1" passed="1" failed="0" skipped="0">
  <reporter-output>
  </reporter-output>
  <suite started-at="2023-07-20T10:50:33 IST" name="Default suite" finished-at="2023-07-20T10:51:17 IST" duration-ms="43890">
    <groups>
    </groups>
    <test started-at="2023-07-20T10:50:33 IST" name="Default test" finished-at="2023-07-20T10:51:17 IST" duration-ms="43890">
      <class name="first.DashboardPage">
        <test-method is-config="true" signature="openOticons()[pri:0, instance:first.DashboardPage@3feb2dda]" started-at="2023-07-20T10:50:33 IST" name="openOticons" finished-at="2023-07-20T10:50:37 IST" duration-ms="4249" status="PASS">
          <reporter-output>
          </reporter-output>
        </test-method> <!-- openOticons -->
        <test-method signature="Loginpage()[pri:0, instance:first.DashboardPage@3feb2dda]" started-at="2023-07-20T10:50:37 IST" name="Loginpage" finished-at="2023-07-20T10:51:01 IST" duration-ms="23994" status="PASS">
          <reporter-output>
          </reporter-output>
        </test-method> <!-- Loginpage -->
        <test-method is-config="true" signature="stylepage()[pri:0, instance:first.DashboardPage@3feb2dda]" started-at="2023-07-20T10:51:01 IST" name="stylepage" finished-at="2023-07-20T10:51:17 IST" duration-ms="15556" status="PASS">
          <reporter-output>
          </reporter-output>
        </test-method> <!-- stylepage -->
      </class> <!-- first.DashboardPage -->
    </test> <!-- Default test -->
  </suite> <!-- Default suite -->
</testng-results>
